<?xml version="1.0" encoding="UTF-8"?>
<coverage generated="1619445521923" clover="3.2.0">
  <project timestamp="1619445521924" name="All files">
    <metrics statements="14" coveredstatements="14" conditionals="0" coveredconditionals="0" methods="11" coveredmethods="11" elements="25" coveredelements="25" complexity="0" loc="14" ncloc="14" packages="1" files="4" classes="4"/>
    <file name="arrays.js" path="/home/mauricio/Programacion/frontend/jest/platzi-test/arrays.js">
      <metrics statements="4" coveredstatements="4" conditionals="0" coveredconditionals="0" methods="2" coveredmethods="2"/>
      <line num="1" count="1" type="stmt"/>
      <line num="2" count="1" type="stmt"/>
      <line num="4" count="2" type="stmt"/>
      <line num="5" count="1" type="stmt"/>
    </file>
    <file name="maths.js" path="/home/mauricio/Programacion/frontend/jest/platzi-test/maths.js">
      <metrics statements="4" coveredstatements="4" conditionals="0" coveredconditionals="0" methods="4" coveredmethods="4"/>
      <line num="2" count="1" type="stmt"/>
      <line num="6" count="1" type="stmt"/>
      <line num="10" count="1" type="stmt"/>
      <line num="14" count="1" type="stmt"/>
    </file>
    <file name="numbers.js" path="/home/mauricio/Programacion/frontend/jest/platzi-test/numbers.js">
      <metrics statements="2" coveredstatements="2" conditionals="0" coveredconditionals="0" methods="1" coveredmethods="1"/>
      <line num="1" count="1" type="stmt"/>
      <line num="2" count="5" type="stmt"/>
    </file>
    <file name="true.js" path="/home/mauricio/Programacion/frontend/jest/platzi-test/true.js">
      <metrics statements="4" coveredstatements="4" conditionals="0" coveredconditionals="0" methods="4" coveredmethods="4"/>
      <line num="1" count="1" type="stmt"/>
      <line num="2" count="1" type="stmt"/>
      <line num="3" count="2" type="stmt"/>
      <line num="4" count="1" type="stmt"/>
    </file>
  </project>
</coverage>
